<?xml version="1.0" encoding="UTF-8"?>
<!-- Generated by org.testng.reporters.JUnitXMLReporter -->
<testsuite ignored="0" hostname="LTIN519575" failures="0" tests="20" name="chrometest" time="630.795" errors="0" timestamp="2025-01-16T08:59:34 IST">
  <testcase classname="Hackathon.NewTest" name="initializePages" time="0.668"/>
  <testcase classname="Hackathon.NewTest" name="openWebsite" time="6.473"/>
  <testcase classname="Hackathon.NewTest" name="locateSearchBox" time="3.655"/>
  <testcase classname="Hackathon.NewTest" name="autoSuggestion" time="50.724"/>
  <testcase classname="Hackathon.NewTest" name="courseLanguageSelection" time="3.773"/>
  <testcase classname="Hackathon.NewTest" name="courseLevelSelection" time="3.528"/>
  <testcase classname="Hackathon.NewTest" name="displayFirstCourseDetails" time="5.264"/>
  <testcase classname="Hackathon.NewTest" name="displaySecondCourseDetails" time="0.19"/>
  <testcase classname="Hackathon.NewTest" name="displayListOfLanguages" time="5.394"/>
  <testcase classname="Hackathon.NewTest" name="displayListOfLevel" time="0.077"/>
  <testcase classname="Hackathon.NewTest" name="newTabSwitch" time="42.306"/>
  <testcase classname="Hackathon.NewTest" name="navigateBackToHome" time="62.441"/>
  <testcase classname="Hackathon.NewTest" name="locateForEnterprise" time="94.439"/>
  <testcase classname="Hackathon.NewTest" name="locateCourseForCampus" time="1.203"/>
  <testcase classname="Hackathon.NewTest" name="locateForm" time="0.005"/>
  <testcase classname="Hackathon.NewTest" name="errorOnInvalidEmail" time="40.641"/>
  <testcase classname="Hackathon.NewTest" name="errorOnInvalidMobile" time="59.728"/>
  <testcase classname="Hackathon.NewTest" name="errorOnBlankFields" time="72.296"/>
  <testcase classname="Hackathon.NewTest" name="locateStateOnSelectingIndia" time="0.068"/>
  <testcase classname="Hackathon.NewTest" name="submitFormVerification" time="159.195"/>
</testsuite> <!-- chrometest -->
