<?xml version="1.0" encoding="UTF-8"?>
<!-- Generated by org.testng.reporters.JUnitXMLReporter -->
<testsuite ignored="0" hostname="LTIN519575" failures="0" tests="20" name="edgetest" time="6.691" errors="0" timestamp="2025-01-15T15:35:23 IST">
  <testcase classname="Hackathon.NewTest" name="initializePages" time="0.0">
    <skipped/>
  </testcase> <!-- initializePages -->
  <testcase classname="Hackathon.NewTest" name="openWebsite" time="0.0">
    <skipped/>
  </testcase> <!-- openWebsite -->
  <testcase classname="Hackathon.NewTest" name="locateSearchBox" time="0.0">
    <skipped/>
  </testcase> <!-- locateSearchBox -->
  <testcase classname="Hackathon.NewTest" name="autoSuggestion" time="0.0">
    <skipped/>
  </testcase> <!-- autoSuggestion -->
  <testcase classname="Hackathon.NewTest" name="courseLanguageSelection" time="0.0">
    <skipped/>
  </testcase> <!-- courseLanguageSelection -->
  <testcase classname="Hackathon.NewTest" name="courseLevelSelection" time="0.0">
    <skipped/>
  </testcase> <!-- courseLevelSelection -->
  <testcase classname="Hackathon.NewTest" name="displayFirstCourseDetails" time="0.0">
    <skipped/>
  </testcase> <!-- displayFirstCourseDetails -->
  <testcase classname="Hackathon.NewTest" name="displaySecondCourseDetails" time="0.0">
    <skipped/>
  </testcase> <!-- displaySecondCourseDetails -->
  <testcase classname="Hackathon.NewTest" name="displayListOfLanguages" time="0.0">
    <skipped/>
  </testcase> <!-- displayListOfLanguages -->
  <testcase classname="Hackathon.NewTest" name="displayListOfLevel" time="0.0">
    <skipped/>
  </testcase> <!-- displayListOfLevel -->
  <testcase classname="Hackathon.NewTest" name="newTabSwitch" time="0.0">
    <skipped/>
  </testcase> <!-- newTabSwitch -->
  <testcase classname="Hackathon.NewTest" name="navigateBackToHome" time="0.0">
    <skipped/>
  </testcase> <!-- navigateBackToHome -->
  <testcase classname="Hackathon.NewTest" name="locateForEnterprise" time="0.001">
    <skipped/>
  </testcase> <!-- locateForEnterprise -->
  <testcase classname="Hackathon.NewTest" name="locateCourseForCampus" time="0.0">
    <skipped/>
  </testcase> <!-- locateCourseForCampus -->
  <testcase classname="Hackathon.NewTest" name="locateForm" time="0.001">
    <skipped/>
  </testcase> <!-- locateForm -->
  <testcase classname="Hackathon.NewTest" name="errorOnInvalidEmail" time="0.0">
    <skipped/>
  </testcase> <!-- errorOnInvalidEmail -->
  <testcase classname="Hackathon.NewTest" name="errorOnInvalidMobile" time="0.0">
    <skipped/>
  </testcase> <!-- errorOnInvalidMobile -->
  <testcase classname="Hackathon.NewTest" name="errorOnBlankFields" time="0.0">
    <skipped/>
  </testcase> <!-- errorOnBlankFields -->
  <testcase classname="Hackathon.NewTest" name="locateStateOnSelectingIndia" time="0.0">
    <skipped/>
  </testcase> <!-- locateStateOnSelectingIndia -->
  <testcase classname="Hackathon.NewTest" name="submitFormVerification" time="0.0">
    <skipped/>
  </testcase> <!-- submitFormVerification -->
</testsuite> <!-- edgetest -->
