<?xml version="1.0" encoding="UTF-8"?>
<testsuite xmlns:xsi="http://www.w3.org/2001/XMLSchema-instance" xsi:noNamespaceSchemaLocation="https://maven.apache.org/surefire/maven-surefire-plugin/xsd/surefire-test-report.xsd" version="3.0.2" name="TestSuite" time="12.249" tests="20" errors="0" skipped="17" failures="1">
  <properties>
[...]
</properties>
  <testcase name="initializePages" classname="Hackathon.NewTest" time="0.085">
    <system-out><![CDATA[2025-01-15 18:09:03 DEBUG TestNG:82 - suiteXmlPath: "C:\Users\2373642\Downloads\Hackathon 1\Hackathon\testng.xml"
]]></system-out>
  </testcase>
  <testcase name="openWebsite" classname="Hackathon.NewTest" time="3.473"/>
  <testcase name="locateSearchBox" classname="Hackathon.NewTest" time="0.104">
    <failure message="no such element: Unable to locate element: {&quot;method&quot;:&quot;css selector&quot;,&quot;selector&quot;:&quot;#search\-autocomplete\-input&quot;}&#10;  (Session info: chrome=130.0.6723.117)&#10;For documentation on this error, please visit: https://www.selenium.dev/documentation/webdriver/troubleshooting/errors#no-such-element-exception&#10;Build info: version: &apos;4.27.0&apos;, revision: &apos;d6e718d134&apos;&#10;System info: os.name: &apos;Windows 11&apos;, os.arch: &apos;amd64&apos;, os.version: &apos;10.0&apos;, java.version: &apos;21&apos;&#10;Driver info: org.openqa.selenium.chrome.ChromeDriver&#10;Command: [0bdbdff8d187de23edaa21a73969be18, findElement {using=id, value=search-autocomplete-input}]&#10;Capabilities {acceptInsecureCerts: false, browserName: chrome, browserVersion: 130.0.6723.117, chrome: {chromedriverVersion: 130.0.6723.116 (6ac35f94ae3..., userDataDir: C:\windows\SystemTemp\scope...}, fedcm:accounts: true, goog:chromeOptions: {debuggerAddress: localhost:52840}, networkConnectionEnabled: false, pageLoadStrategy: normal, platformName: windows, proxy: Proxy(), se:cdp: ws://localhost:52840/devtoo..., se:cdpVersion: 130.0.6723.117, setWindowRect: true, strictFileInteractability: false, timeouts: {implicit: 0, pageLoad: 300000, script: 30000}, unhandledPromptBehavior: dismiss and notify, webauthn:extension:credBlob: true, webauthn:extension:largeBlob: true, webauthn:extension:minPinLength: true, webauthn:extension:prf: true, webauthn:virtualAuthenticators: true}&#10;Session ID: 0bdbdff8d187de23edaa21a73969be18" type="org.openqa.selenium.NoSuchElementException"><![CDATA[org.openqa.selenium.NoSuchElementException: 
no such element: Unable to locate element: {"method":"css selector","selector":"#search\-autocomplete\-input"}
  (Session info: chrome=130.0.6723.117)
For documentation on this error, please visit: https://www.selenium.dev/documentation/webdriver/troubleshooting/errors#no-such-element-exception
Build info: version: '4.27.0', revision: 'd6e718d134'
System info: os.name: 'Windows 11', os.arch: 'amd64', os.version: '10.0', java.version: '21'
Driver info: org.openqa.selenium.chrome.ChromeDriver
Command: [0bdbdff8d187de23edaa21a73969be18, findElement {using=id, value=search-autocomplete-input}]
Capabilities {acceptInsecureCerts: false, browserName: chrome, browserVersion: 130.0.6723.117, chrome: {chromedriverVersion: 130.0.6723.116 (6ac35f94ae3..., userDataDir: C:\windows\SystemTemp\scope...}, fedcm:accounts: true, goog:chromeOptions: {debuggerAddress: localhost:52840}, networkConnectionEnabled: false, pageLoadStrategy: normal, platformName: windows, proxy: Proxy(), se:cdp: ws://localhost:52840/devtoo..., se:cdpVersion: 130.0.6723.117, setWindowRect: true, strictFileInteractability: false, timeouts: {implicit: 0, pageLoad: 300000, script: 30000}, unhandledPromptBehavior: dismiss and notify, webauthn:extension:credBlob: true, webauthn:extension:largeBlob: true, webauthn:extension:minPinLength: true, webauthn:extension:prf: true, webauthn:virtualAuthenticators: true}
Session ID: 0bdbdff8d187de23edaa21a73969be18
	at java.base/jdk.internal.reflect.DirectConstructorHandleAccessor.newInstance(DirectConstructorHandleAccessor.java:62)
	at java.base/java.lang.reflect.Constructor.newInstanceWithCaller(Constructor.java:502)
	at java.base/java.lang.reflect.Constructor.newInstance(Constructor.java:486)
	at org.openqa.selenium.remote.ErrorCodec.decode(ErrorCodec.java:167)
	at org.openqa.selenium.remote.codec.w3c.W3CHttpResponseCodec.decode(W3CHttpResponseCodec.java:138)
	at org.openqa.selenium.remote.codec.w3c.W3CHttpResponseCodec.decode(W3CHttpResponseCodec.java:50)
	at org.openqa.selenium.remote.HttpCommandExecutor.execute(HttpCommandExecutor.java:190)
	at org.openqa.selenium.remote.service.DriverCommandExecutor.invokeExecute(DriverCommandExecutor.java:216)
	at org.openqa.selenium.remote.service.DriverCommandExecutor.execute(DriverCommandExecutor.java:174)
	at org.openqa.selenium.remote.RemoteWebDriver.execute(RemoteWebDriver.java:545)
	at org.openqa.selenium.remote.ElementLocation$ElementFinder$2.findElement(ElementLocation.java:165)
	at org.openqa.selenium.remote.ElementLocation.findElement(ElementLocation.java:66)
	at org.openqa.selenium.remote.RemoteWebDriver.findElement(RemoteWebDriver.java:368)
	at org.openqa.selenium.remote.RemoteWebDriver.findElement(RemoteWebDriver.java:362)
	at Pages.HomePage.isSearchBoxVisible(HomePage.java:39)
	at Hackathon.NewTest.locateSearchBox(NewTest.java:67)
	at java.base/jdk.internal.reflect.DirectMethodHandleAccessor.invoke(DirectMethodHandleAccessor.java:103)
	at java.base/java.lang.reflect.Method.invoke(Method.java:580)
	at org.testng.internal.invokers.MethodInvocationHelper.invokeMethod(MethodInvocationHelper.java:139)
	at org.testng.internal.invokers.TestInvoker.invokeMethod(TestInvoker.java:664)
	at org.testng.internal.invokers.TestInvoker.invokeTestMethod(TestInvoker.java:228)
	at org.testng.internal.invokers.MethodRunner.runInSequence(MethodRunner.java:63)
	at org.testng.internal.invokers.TestInvoker$MethodInvocationAgent.invoke(TestInvoker.java:961)
	at org.testng.internal.invokers.TestInvoker.invokeTestMethods(TestInvoker.java:201)
	at org.testng.internal.invokers.TestMethodWorker.invokeTestMethods(TestMethodWorker.java:148)
	at org.testng.internal.invokers.TestMethodWorker.run(TestMethodWorker.java:128)
	at java.base/java.util.ArrayList.forEach(ArrayList.java:1596)
	at org.testng.TestRunner.privateRun(TestRunner.java:819)
	at org.testng.TestRunner.run(TestRunner.java:619)
	at org.testng.SuiteRunner.runTest(SuiteRunner.java:443)
	at org.testng.SuiteRunner$SuiteWorker.run(SuiteRunner.java:481)
	at org.testng.internal.thread.ThreadUtil.lambda$execute$0(ThreadUtil.java:58)
	at java.base/java.util.concurrent.FutureTask.run(FutureTask.java:317)
	at java.base/java.util.concurrent.ThreadPoolExecutor.runWorker(ThreadPoolExecutor.java:1144)
	at java.base/java.util.concurrent.ThreadPoolExecutor$Worker.run(ThreadPoolExecutor.java:642)
	at java.base/java.lang.Thread.run(Thread.java:1583)
]]></failure>
  </testcase>
  <testcase name="autoSuggestion" classname="Hackathon.NewTest" time="0.0">
    <skipped message="Method Hackathon.NewTest.autoSuggestion() on instance Hackathon.NewTest@45c7e403 depends on not successfully finished methods &#10;[Hackathon.NewTest.locateSearchBox() on instance Hackathon.NewTest@45c7e403]"/>
  </testcase>
  <testcase name="courseLanguageSelection" classname="Hackathon.NewTest" time="0.0">
    <skipped message="Method Hackathon.NewTest.courseLanguageSelection() on instance Hackathon.NewTest@45c7e403 depends on not successfully finished methods &#10;[Hackathon.NewTest.autoSuggestion() on instance Hackathon.NewTest@45c7e403]"/>
  </testcase>
  <testcase name="courseLevelSelection" classname="Hackathon.NewTest" time="0.0">
    <skipped message="Method Hackathon.NewTest.courseLevelSelection() on instance Hackathon.NewTest@45c7e403 depends on not successfully finished methods &#10;[Hackathon.NewTest.courseLanguageSelection() on instance Hackathon.NewTest@45c7e403]"/>
  </testcase>
  <testcase name="displayFirstCourseDetails" classname="Hackathon.NewTest" time="0.0">
    <skipped message="Method Hackathon.NewTest.displayFirstCourseDetails() on instance Hackathon.NewTest@45c7e403 depends on not successfully finished methods &#10;[Hackathon.NewTest.courseLevelSelection() on instance Hackathon.NewTest@45c7e403]"/>
  </testcase>
  <testcase name="displaySecondCourseDetails" classname="Hackathon.NewTest" time="0.0">
    <skipped message="Method Hackathon.NewTest.displaySecondCourseDetails() on instance Hackathon.NewTest@45c7e403 depends on not successfully finished methods &#10;[Hackathon.NewTest.displayFirstCourseDetails() on instance Hackathon.NewTest@45c7e403]"/>
  </testcase>
  <testcase name="displayListOfLanguages" classname="Hackathon.NewTest" time="0.0">
    <skipped message="Method Hackathon.NewTest.displayListOfLanguages() on instance Hackathon.NewTest@45c7e403 depends on not successfully finished methods &#10;[Hackathon.NewTest.displaySecondCourseDetails() on instance Hackathon.NewTest@45c7e403]"/>
  </testcase>
  <testcase name="displayListOfLevel" classname="Hackathon.NewTest" time="0.0">
    <skipped message="Method Hackathon.NewTest.displayListOfLevel() on instance Hackathon.NewTest@45c7e403 depends on not successfully finished methods &#10;[Hackathon.NewTest.displayListOfLanguages() on instance Hackathon.NewTest@45c7e403]"/>
  </testcase>
  <testcase name="newTabSwitch" classname="Hackathon.NewTest" time="0.0">
    <skipped message="Method Hackathon.NewTest.newTabSwitch() on instance Hackathon.NewTest@45c7e403 depends on not successfully finished methods &#10;[Hackathon.NewTest.displayListOfLevel() on instance Hackathon.NewTest@45c7e403]"/>
  </testcase>
  <testcase name="navigateBackToHome" classname="Hackathon.NewTest" time="0.0">
    <skipped message="Method Hackathon.NewTest.navigateBackToHome() on instance Hackathon.NewTest@45c7e403 depends on not successfully finished methods &#10;[Hackathon.NewTest.newTabSwitch() on instance Hackathon.NewTest@45c7e403]"/>
  </testcase>
  <testcase name="locateForEnterprise" classname="Hackathon.NewTest" time="0.0">
    <skipped message="Method Hackathon.NewTest.locateForEnterprise() on instance Hackathon.NewTest@45c7e403 depends on not successfully finished methods &#10;[Hackathon.NewTest.navigateBackToHome() on instance Hackathon.NewTest@45c7e403]"/>
  </testcase>
  <testcase name="locateCourseForCampus" classname="Hackathon.NewTest" time="0.0">
    <skipped message="Method Hackathon.NewTest.locateCourseForCampus() on instance Hackathon.NewTest@45c7e403 depends on not successfully finished methods &#10;[Hackathon.NewTest.locateForEnterprise() on instance Hackathon.NewTest@45c7e403]"/>
  </testcase>
  <testcase name="locateForm" classname="Hackathon.NewTest" time="0.0">
    <skipped message="Method Hackathon.NewTest.locateForm() on instance Hackathon.NewTest@45c7e403 depends on not successfully finished methods &#10;[Hackathon.NewTest.locateCourseForCampus() on instance Hackathon.NewTest@45c7e403]"/>
  </testcase>
  <testcase name="errorOnInvalidEmail" classname="Hackathon.NewTest" time="0.0">
    <skipped message="Method Hackathon.NewTest.errorOnInvalidEmail() on instance Hackathon.NewTest@45c7e403 depends on not successfully finished methods &#10;[Hackathon.NewTest.locateForm() on instance Hackathon.NewTest@45c7e403]"/>
  </testcase>
  <testcase name="errorOnInvalidMobile" classname="Hackathon.NewTest" time="0.0">
    <skipped message="Method Hackathon.NewTest.errorOnInvalidMobile() on instance Hackathon.NewTest@45c7e403 depends on not successfully finished methods &#10;[Hackathon.NewTest.errorOnInvalidEmail() on instance Hackathon.NewTest@45c7e403]"/>
  </testcase>
  <testcase name="errorOnBlankFields" classname="Hackathon.NewTest" time="0.0">
    <skipped message="Method Hackathon.NewTest.errorOnBlankFields() on instance Hackathon.NewTest@45c7e403 depends on not successfully finished methods &#10;[Hackathon.NewTest.errorOnInvalidMobile() on instance Hackathon.NewTest@45c7e403]"/>
  </testcase>
  <testcase name="locateStateOnSelectingIndia" classname="Hackathon.NewTest" time="0.0">
    <skipped message="Method Hackathon.NewTest.locateStateOnSelectingIndia() on instance Hackathon.NewTest@45c7e403 depends on not successfully finished methods &#10;[Hackathon.NewTest.errorOnBlankFields() on instance Hackathon.NewTest@45c7e403]"/>
  </testcase>
  <testcase name="submitFormVerification" classname="Hackathon.NewTest" time="0.0">
    <skipped message="Method Hackathon.NewTest.submitFormVerification() on instance Hackathon.NewTest@45c7e403 depends on not successfully finished methods &#10;[Hackathon.NewTest.locateStateOnSelectingIndia() on instance Hackathon.NewTest@45c7e403]"/>
  </testcase>
</testsuite>